<?xml version="1.0" encoding="UTF-8"?>
<!-- Generated by org.testng.reporters.JUnitXMLReporter -->
<testsuite ignored="0" hostname="LAPTOP-8LT6TNQ5" failures="0" tests="3" name="Default test" time="0.044" errors="0" timestamp="04 Apr 2025 10:09:03 GMT">
  <testcase classname="Pac2.ContactTest" name="createContactTest" time="0.014"/>
  <testcase classname="Pac2.ContactTest" name="deleteContactTest" time="0.001"/>
  <testcase classname="Pac2.ContactTest" name="modifyContactTest" time="0.003"/>
</testsuite> <!-- Default test -->
