<?xml version="1.0" encoding="UTF-8"?>
<testng-results ignored="0" total="3" passed="3" failed="0" skipped="0">
  <reporter-output>
  </reporter-output>
  <suite started-at="2025-04-05T06:57:57Z" name="Default suite" finished-at="2025-04-05T06:57:57Z" duration-ms="43">
    <groups>
    </groups>
    <test started-at="2025-04-05T06:57:57Z" name="Default test" finished-at="2025-04-05T06:57:57Z" duration-ms="43">
      <class name="Pac2.ContactTest">
        <test-method signature="createContactTest()[pri:0, instance:Pac2.ContactTest@e383572]" started-at="2025-04-05T06:57:57Z" name="createContactTest" finished-at="2025-04-05T06:57:57Z" duration-ms="12" status="PASS">
          <reporter-output>
          </reporter-output>
        </test-method> <!-- createContactTest -->
        <test-method signature="deleteContactTest()[pri:0, instance:Pac2.ContactTest@e383572]" started-at="2025-04-05T06:57:57Z" name="deleteContactTest" finished-at="2025-04-05T06:57:57Z" duration-ms="3" status="PASS">
          <reporter-output>
          </reporter-output>
        </test-method> <!-- deleteContactTest -->
        <test-method signature="modifyContactTest()[pri:0, instance:Pac2.ContactTest@e383572]" started-at="2025-04-05T06:57:57Z" name="modifyContactTest" finished-at="2025-04-05T06:57:57Z" duration-ms="2" status="PASS">
          <reporter-output>
          </reporter-output>
        </test-method> <!-- modifyContactTest -->
      </class> <!-- Pac2.ContactTest -->
    </test> <!-- Default test -->
  </suite> <!-- Default suite -->
</testng-results>
